{"D:\\Projects\\master-boilerplate\\src\\actions\\global.ts": {"path":"D:\\Projects\\master-boilerplate\\src\\actions\\global.ts","statementMap":{"0":{"start":{"line":1,"column":0},"end":{"line":5,"column":null}},"1":{"start":{"line":7,"column":13},"end":{"line":10,"column":null}},"2":{"start":{"line":7,"column":47},"end":{"line":10,"column":null}}},"fnMap":{"0":{"name":"(anonymous_0)","decl":{"start":{"line":7,"column":28},"end":{"line":7,"column":29}},"loc":{"start":{"line":7,"column":42},"end":{"line":7,"column":48}}}},"branchMap":{},"s":{"0":3,"1":3,"2":4},"f":{"0":4},"b":{}}
,"D:\\Projects\\master-boilerplate\\src\\actions\\todos.ts": {"path":"D:\\Projects\\master-boilerplate\\src\\actions\\todos.ts","statementMap":{"0":{"start":{"line":1,"column":16},"end":{"line":11,"column":null}},"1":{"start":{"line":13,"column":0},"end":{"line":13,"column":23}},"2":{"start":{"line":15,"column":13},"end":{"line":17,"column":null}},"3":{"start":{"line":15,"column":33},"end":{"line":17,"column":null}},"4":{"start":{"line":19,"column":13},"end":{"line":22,"column":null}},"5":{"start":{"line":19,"column":55},"end":{"line":22,"column":null}},"6":{"start":{"line":24,"column":13},"end":{"line":27,"column":null}},"7":{"start":{"line":24,"column":43},"end":{"line":27,"column":null}},"8":{"start":{"line":29,"column":13},"end":{"line":32,"column":null}},"9":{"start":{"line":29,"column":49},"end":{"line":32,"column":null}}},"fnMap":{"0":{"name":"(anonymous_0)","decl":{"start":{"line":15,"column":27},"end":{"line":15,"column":33}},"loc":{"start":{"line":15,"column":27},"end":{"line":15,"column":34}}},"1":{"name":"(anonymous_1)","decl":{"start":{"line":19,"column":30},"end":{"line":19,"column":31}},"loc":{"start":{"line":19,"column":50},"end":{"line":19,"column":56}}},"2":{"name":"(anonymous_2)","decl":{"start":{"line":24,"column":24},"end":{"line":24,"column":25}},"loc":{"start":{"line":24,"column":38},"end":{"line":24,"column":44}}},"3":{"name":"(anonymous_3)","decl":{"start":{"line":29,"column":27},"end":{"line":29,"column":28}},"loc":{"start":{"line":29,"column":44},"end":{"line":29,"column":50}}}},"branchMap":{},"s":{"0":3,"1":3,"2":3,"3":0,"4":3,"5":0,"6":3,"7":0,"8":3,"9":0},"f":{"0":0,"1":0,"2":0,"3":0},"b":{}}
,"D:\\Projects\\master-boilerplate\\src\\components\\List\\index.tsx": {"path":"D:\\Projects\\master-boilerplate\\src\\components\\List\\index.tsx","statementMap":{"0":{"start":{"line":1,"column":0},"end":{"line":1,"column":30}},"1":{"start":{"line":2,"column":0},"end":{"line":2,"column":41}},"2":{"start":{"line":3,"column":0},"end":{"line":3,"column":55}},"3":{"start":{"line":4,"column":0},"end":{"line":4,"column":60}},"4":{"start":{"line":5,"column":0},"end":{"line":5,"column":45}},"5":{"start":{"line":6,"column":0},"end":{"line":6,"column":20}},"6":{"start":{"line":25,"column":13},"end":{"line":79,"column":null}},"7":{"start":{"line":26,"column":2},"end":{"line":26,"column":12}},"8":{"start":{"line":27,"column":2},"end":{"line":27,"column":10}},"9":{"start":{"line":28,"column":2},"end":{"line":28,"column":12}},"10":{"start":{"line":30,"column":18},"end":{"line":30,"column":70}},"11":{"start":{"line":31,"column":19},"end":{"line":31,"column":32}},"12":{"start":{"line":32,"column":8},"end":{"line":32,"column":9}},"13":{"start":{"line":32,"column":9},"end":{"line":32,"column":14}},"14":{"start":{"line":32,"column":16},"end":{"line":32,"column":53}},"15":{"start":{"line":33,"column":8},"end":{"line":33,"column":9}},"16":{"start":{"line":33,"column":9},"end":{"line":33,"column":16}},"17":{"start":{"line":33,"column":18},"end":{"line":33,"column":53}},"18":{"start":{"line":34,"column":8},"end":{"line":34,"column":9}},"19":{"start":{"line":34,"column":9},"end":{"line":34,"column":14}},"20":{"start":{"line":34,"column":16},"end":{"line":34,"column":53}},"21":{"start":{"line":35,"column":8},"end":{"line":35,"column":9}},"22":{"start":{"line":35,"column":9},"end":{"line":35,"column":18}},"23":{"start":{"line":35,"column":20},"end":{"line":35,"column":61}},"24":{"start":{"line":37,"column":20},"end":{"line":57,"column":null}},"25":{"start":{"line":37,"column":66},"end":{"line":57,"column":null}},"26":{"start":{"line":38,"column":4},"end":{"line":38,"column":null}},"27":{"start":{"line":41,"column":21},"end":{"line":41,"column":null}},"28":{"start":{"line":41,"column":12},"end":{"line":41,"column":null}},"29":{"start":{"line":42,"column":23},"end":{"line":42,"column":null}},"30":{"start":{"line":42,"column":12},"end":{"line":42,"column":null}},"31":{"start":{"line":44,"column":6},"end":{"line":51,"column":null}},"32":{"start":{"line":45,"column":8},"end":{"line":45,"column":null}},"33":{"start":{"line":46,"column":8},"end":{"line":46,"column":null}},"34":{"start":{"line":48,"column":8},"end":{"line":50,"column":null}},"35":{"start":{"line":49,"column":10},"end":{"line":49,"column":null}},"36":{"start":{"line":53,"column":6},"end":{"line":53,"column":null}},"37":{"start":{"line":54,"column":6},"end":{"line":54,"column":null}},"38":{"start":{"line":55,"column":6},"end":{"line":55,"column":null}},"39":{"start":{"line":59,"column":2},"end":{"line":66,"column":null}},"40":{"start":{"line":60,"column":4},"end":{"line":65,"column":null}},"41":{"start":{"line":61,"column":23},"end":{"line":61,"column":95}},"42":{"start":{"line":63,"column":6},"end":{"line":63,"column":null}},"43":{"start":{"line":64,"column":6},"end":{"line":64,"column":null}},"44":{"start":{"line":68,"column":2},"end":{"line":72,"column":null}},"45":{"start":{"line":69,"column":4},"end":{"line":71,"column":null}},"46":{"start":{"line":70,"column":6},"end":{"line":70,"column":null}},"47":{"start":{"line":74,"column":2},"end":{"line":78,"column":null}},"48":{"start":{"line":81,"column":13},"end":{"line":111,"column":1}},"49":{"start":{"line":82,"column":2},"end":{"line":82,"column":12}},"50":{"start":{"line":83,"column":2},"end":{"line":83,"column":9}},"51":{"start":{"line":84,"column":2},"end":{"line":84,"column":16}},"52":{"start":{"line":85,"column":2},"end":{"line":85,"column":25}},"53":{"start":{"line":86,"column":2},"end":{"line":86,"column":13}},"54":{"start":{"line":87,"column":2},"end":{"line":87,"column":10}},"55":{"start":{"line":90,"column":19},"end":{"line":90,"column":32}},"56":{"start":{"line":91,"column":8},"end":{"line":94,"column":null}},"57":{"start":{"line":91,"column":10},"end":{"line":91,"column":15}},"58":{"start":{"line":91,"column":17},"end":{"line":91,"column":24}},"59":{"start":{"line":91,"column":26},"end":{"line":91,"column":null}},"60":{"start":{"line":96,"column":2},"end":{"line":108,"column":null}},"61":{"start":{"line":98,"column":6},"end":{"line":106,"column":null}},"62":{"start":{"line":105,"column":40},"end":{"line":105,"column":null}},"63":{"start":{"line":107,"column":6},"end":{"line":107,"column":12}},"64":{"start":{"line":110,"column":2},"end":{"line":110,"column":null}},"65":{"start":{"line":113,"column":0},"end":{"line":113,"column":null}}},"fnMap":{"0":{"name":"(anonymous_15)","decl":{"start":{"line":25,"column":31},"end":{"line":25,"column":32}},"loc":{"start":{"line":29,"column":11},"end":{"line":79,"column":1}}},"1":{"name":"(anonymous_16)","decl":{"start":{"line":37,"column":20},"end":{"line":37,"column":26}},"loc":{"start":{"line":37,"column":66},"end":{"line":57,"column":null}}},"2":{"name":"(anonymous_17)","decl":{"start":{"line":37,"column":66},"end":{"line":37,"column":null}},"loc":{"start":{"line":37,"column":66},"end":{"line":57,"column":null}}},"3":{"name":"(anonymous_19)","decl":{"start":{"line":59,"column":18},"end":{"line":59,"column":null}},"loc":{"start":{"line":59,"column":18},"end":{"line":66,"column":3}}},"4":{"name":"(anonymous_20)","decl":{"start":{"line":60,"column":23},"end":{"line":60,"column":24}},"loc":{"start":{"line":60,"column":27},"end":{"line":65,"column":5}}},"5":{"name":"(anonymous_21)","decl":{"start":{"line":68,"column":18},"end":{"line":68,"column":null}},"loc":{"start":{"line":68,"column":18},"end":{"line":72,"column":3}}},"6":{"name":"(anonymous_22)","decl":{"start":{"line":81,"column":13},"end":{"line":81,"column":14}},"loc":{"start":{"line":88,"column":8},"end":{"line":111,"column":1}}},"7":{"name":"(anonymous_23)","decl":{"start":{"line":105,"column":25},"end":{"line":105,"column":26}},"loc":{"start":{"line":105,"column":35},"end":{"line":105,"column":48}}}},"branchMap":{"0":{"loc":{"start":{"line":27,"column":2},"end":{"line":27,"column":10}},"type":"cond-expr","locations":[{"start":{"line":27,"column":2},"end":{"line":27,"column":10}},{"start":{"line":27,"column":2},"end":{"line":27,"column":10}}]},"1":{"loc":{"start":{"line":28,"column":2},"end":{"line":28,"column":12}},"type":"cond-expr","locations":[{"start":{"line":28,"column":2},"end":{"line":28,"column":12}},{"start":{"line":28,"column":2},"end":{"line":28,"column":12}}]},"2":{"loc":{"start":{"line":44,"column":6},"end":{"line":51,"column":null}},"type":"if","locations":[{"start":{"line":44,"column":6},"end":{"line":51,"column":null}},{"start":{"line":44,"column":6},"end":{"line":51,"column":null}}]},"3":{"loc":{"start":{"line":48,"column":8},"end":{"line":50,"column":null}},"type":"if","locations":[{"start":{"line":48,"column":8},"end":{"line":50,"column":null}},{"start":{"line":48,"column":8},"end":{"line":50,"column":null}}]},"4":{"loc":{"start":{"line":61,"column":50},"end":{"line":61,"column":68}},"type":"cond-expr","locations":[{"start":{"line":61,"column":50},"end":{"line":61,"column":68}},{"start":{"line":61,"column":71},"end":{"line":61,"column":95}}]},"5":{"loc":{"start":{"line":69,"column":4},"end":{"line":71,"column":null}},"type":"if","locations":[{"start":{"line":69,"column":4},"end":{"line":71,"column":null}},{"start":{"line":69,"column":4},"end":{"line":71,"column":null}}]},"6":{"loc":{"start":{"line":85,"column":2},"end":{"line":85,"column":25}},"type":"cond-expr","locations":[{"start":{"line":85,"column":2},"end":{"line":85,"column":25}},{"start":{"line":85,"column":2},"end":{"line":85,"column":25}}]},"7":{"loc":{"start":{"line":97,"column":4},"end":{"line":107,"column":12}},"type":"switch","locations":[{"start":{"line":97,"column":4},"end":{"line":107,"column":12}}]}},"s":{"0":1,"1":1,"2":1,"3":1,"4":1,"5":1,"6":1,"7":6,"8":12,"9":12,"10":6,"11":6,"12":6,"13":6,"14":6,"15":6,"16":6,"17":6,"18":6,"19":6,"20":6,"21":6,"22":6,"23":6,"24":6,"25":3,"26":3,"27":3,"28":0,"29":0,"30":0,"31":0,"32":0,"33":0,"34":0,"35":0,"36":3,"37":3,"38":3,"39":6,"40":3,"41":0,"42":0,"43":0,"44":6,"45":3,"46":0,"47":6,"48":1,"49":6,"50":6,"51":6,"52":12,"53":6,"54":6,"55":6,"56":6,"57":6,"58":6,"59":6,"60":6,"61":6,"62":0,"63":6,"64":6,"65":1},"f":{"0":6,"1":3,"2":3,"3":3,"4":0,"5":3,"6":6,"7":0},"b":{"0":[0,6],"1":[6,0],"2":[0,0],"3":[0,0],"4":[0,0],"5":[0,3],"6":[6,0],"7":[6]}}
,"D:\\Projects\\master-boilerplate\\src\\components\\ListTable\\index.tsx": {"path":"D:\\Projects\\master-boilerplate\\src\\components\\ListTable\\index.tsx","statementMap":{"0":{"start":{"line":1,"column":0},"end":{"line":1,"column":30}},"1":{"start":{"line":2,"column":0},"end":{"line":2,"column":48}},"2":{"start":{"line":4,"column":0},"end":{"line":4,"column":42}},"3":{"start":{"line":5,"column":0},"end":{"line":5,"column":42}},"4":{"start":{"line":17,"column":18},"end":{"line":41,"column":1}},"5":{"start":{"line":18,"column":2},"end":{"line":18,"column":7}},"6":{"start":{"line":19,"column":2},"end":{"line":19,"column":9}},"7":{"start":{"line":20,"column":2},"end":{"line":20,"column":9}},"8":{"start":{"line":21,"column":2},"end":{"line":21,"column":13}},"9":{"start":{"line":22,"column":2},"end":{"line":22,"column":13}},"10":{"start":{"line":23,"column":2},"end":{"line":23,"column":10}},"11":{"start":{"line":24,"column":2},"end":{"line":24,"column":16}},"12":{"start":{"line":26,"column":2},"end":{"line":40,"column":null}},"13":{"start":{"line":33,"column":59},"end":{"line":33,"column":86}},"14":{"start":{"line":43,"column":0},"end":{"line":43,"column":null}}},"fnMap":{"0":{"name":"(anonymous_2)","decl":{"start":{"line":17,"column":18},"end":{"line":17,"column":19}},"loc":{"start":{"line":25,"column":8},"end":{"line":41,"column":1}}},"1":{"name":"(anonymous_3)","decl":{"start":{"line":33,"column":28},"end":{"line":33,"column":29}},"loc":{"start":{"line":33,"column":54},"end":{"line":33,"column":63}}}},"branchMap":{"0":{"loc":{"start":{"line":27,"column":4},"end":{"line":27,"column":47}},"type":"cond-expr","locations":[{"start":{"line":27,"column":4},"end":{"line":27,"column":47}},{"start":{"line":28,"column":4},"end":{"line":39,"column":null}}]},"1":{"loc":{"start":{"line":31,"column":10},"end":{"line":31,"column":17}},"type":"binary-expr","locations":[{"start":{"line":31,"column":10},"end":{"line":31,"column":17}},{"start":{"line":31,"column":21},"end":{"line":34,"column":null}}]}},"s":{"0":2,"1":2,"2":2,"3":2,"4":2,"5":11,"6":11,"7":11,"8":11,"9":11,"10":11,"11":11,"12":11,"13":16,"14":2},"f":{"0":11,"1":16},"b":{"0":[1,10],"1":[10,10]}}
,"D:\\Projects\\master-boilerplate\\src\\components\\Pagination\\index.tsx": {"path":"D:\\Projects\\master-boilerplate\\src\\components\\Pagination\\index.tsx","statementMap":{"0":{"start":{"line":1,"column":0},"end":{"line":1,"column":30}},"1":{"start":{"line":2,"column":0},"end":{"line":2,"column":44}},"2":{"start":{"line":4,"column":30},"end":{"line":4,"column":32}},"3":{"start":{"line":12,"column":14},"end":{"line":95,"column":1}},"4":{"start":{"line":13,"column":2},"end":{"line":13,"column":13}},"5":{"start":{"line":14,"column":2},"end":{"line":14,"column":10}},"6":{"start":{"line":15,"column":2},"end":{"line":15,"column":16}},"7":{"start":{"line":17,"column":21},"end":{"line":17,"column":23}},"8":{"start":{"line":18,"column":32},"end":{"line":18,"column":56}},"9":{"start":{"line":22,"column":4},"end":{"line":30,"column":null}},"10":{"start":{"line":23,"column":6},"end":{"line":27,"column":null}},"11":{"start":{"line":24,"column":8},"end":{"line":24,"column":null}},"12":{"start":{"line":26,"column":8},"end":{"line":26,"column":null}},"13":{"start":{"line":29,"column":6},"end":{"line":29,"column":null}},"14":{"start":{"line":32,"column":4},"end":{"line":40,"column":null}},"15":{"start":{"line":33,"column":6},"end":{"line":37,"column":null}},"16":{"start":{"line":34,"column":8},"end":{"line":34,"column":null}},"17":{"start":{"line":36,"column":8},"end":{"line":36,"column":null}},"18":{"start":{"line":39,"column":6},"end":{"line":39,"column":null}},"19":{"start":{"line":43,"column":6},"end":{"line":50,"column":null}},"20":{"start":{"line":48,"column":25},"end":{"line":48,"column":null}},"21":{"start":{"line":42,"column":4},"end":{"line":51,"column":null}},"22":{"start":{"line":42,"column":24},"end":{"line":42,"column":33}},"23":{"start":{"line":42,"column":12},"end":{"line":42,"column":24}},"24":{"start":{"line":53,"column":4},"end":{"line":68,"column":null}},"25":{"start":{"line":54,"column":6},"end":{"line":58,"column":null}},"26":{"start":{"line":55,"column":8},"end":{"line":57,"column":null}},"27":{"start":{"line":60,"column":6},"end":{"line":67,"column":null}},"28":{"start":{"line":65,"column":25},"end":{"line":65,"column":null}},"29":{"start":{"line":70,"column":4},"end":{"line":94,"column":null}},"30":{"start":{"line":74,"column":25},"end":{"line":74,"column":null}},"31":{"start":{"line":80,"column":25},"end":{"line":80,"column":null}},"32":{"start":{"line":87,"column":27},"end":{"line":87,"column":null}},"33":{"start":{"line":90,"column":27},"end":{"line":90,"column":null}},"34":{"start":{"line":97,"column":0},"end":{"line":97,"column":null}}},"fnMap":{"0":{"name":"(anonymous_1)","decl":{"start":{"line":12,"column":14},"end":{"line":12,"column":15}},"loc":{"start":{"line":16,"column":8},"end":{"line":95,"column":1}}},"1":{"name":"(anonymous_3)","decl":{"start":{"line":48,"column":19},"end":{"line":48,"column":25}},"loc":{"start":{"line":48,"column":19},"end":{"line":48,"column":39}}},"2":{"name":"(anonymous_4)","decl":{"start":{"line":65,"column":19},"end":{"line":65,"column":25}},"loc":{"start":{"line":65,"column":19},"end":{"line":65,"column":39}}},"3":{"name":"(anonymous_5)","decl":{"start":{"line":74,"column":19},"end":{"line":74,"column":25}},"loc":{"start":{"line":74,"column":19},"end":{"line":74,"column":39}}},"4":{"name":"(anonymous_6)","decl":{"start":{"line":80,"column":19},"end":{"line":80,"column":25}},"loc":{"start":{"line":80,"column":19},"end":{"line":80,"column":39}}},"5":{"name":"(anonymous_7)","decl":{"start":{"line":87,"column":21},"end":{"line":87,"column":27}},"loc":{"start":{"line":87,"column":21},"end":{"line":87,"column":41}}},"6":{"name":"(anonymous_8)","decl":{"start":{"line":90,"column":21},"end":{"line":90,"column":27}},"loc":{"start":{"line":90,"column":21},"end":{"line":90,"column":41}}}},"branchMap":{"0":{"loc":{"start":{"line":22,"column":4},"end":{"line":30,"column":null}},"type":"if","locations":[{"start":{"line":22,"column":4},"end":{"line":30,"column":null}},{"start":{"line":22,"column":4},"end":{"line":30,"column":null}}]},"1":{"loc":{"start":{"line":23,"column":6},"end":{"line":27,"column":null}},"type":"if","locations":[{"start":{"line":23,"column":6},"end":{"line":27,"column":null}},{"start":{"line":23,"column":6},"end":{"line":27,"column":null}}]},"2":{"loc":{"start":{"line":32,"column":4},"end":{"line":40,"column":null}},"type":"if","locations":[{"start":{"line":32,"column":4},"end":{"line":40,"column":null}},{"start":{"line":32,"column":4},"end":{"line":40,"column":null}}]},"3":{"loc":{"start":{"line":33,"column":6},"end":{"line":37,"column":null}},"type":"if","locations":[{"start":{"line":33,"column":6},"end":{"line":37,"column":null}},{"start":{"line":33,"column":6},"end":{"line":37,"column":null}}]},"4":{"loc":{"start":{"line":53,"column":4},"end":{"line":68,"column":null}},"type":"if","locations":[{"start":{"line":53,"column":4},"end":{"line":68,"column":null}},{"start":{"line":53,"column":4},"end":{"line":68,"column":null}}]},"5":{"loc":{"start":{"line":54,"column":6},"end":{"line":58,"column":null}},"type":"if","locations":[{"start":{"line":54,"column":6},"end":{"line":58,"column":null}},{"start":{"line":54,"column":6},"end":{"line":58,"column":null}}]},"6":{"loc":{"start":{"line":72,"column":8},"end":{"line":72,"column":25}},"type":"binary-expr","locations":[{"start":{"line":72,"column":8},"end":{"line":72,"column":25}},{"start":{"line":73,"column":8},"end":{"line":74,"column":null}}]},"7":{"loc":{"start":{"line":78,"column":8},"end":{"line":78,"column":27}},"type":"binary-expr","locations":[{"start":{"line":78,"column":8},"end":{"line":78,"column":27}},{"start":{"line":79,"column":8},"end":{"line":80,"column":null}}]},"8":{"loc":{"start":{"line":84,"column":8},"end":{"line":84,"column":38}},"type":"binary-expr","locations":[{"start":{"line":84,"column":8},"end":{"line":84,"column":38}},{"start":{"line":85,"column":8},"end":{"line":91,"column":null}}]}},"s":{"0":2,"1":2,"2":2,"3":2,"4":9,"5":9,"6":9,"7":9,"8":9,"9":9,"10":0,"11":0,"12":0,"13":9,"14":9,"15":3,"16":3,"17":0,"18":6,"19":24,"20":0,"21":9,"22":9,"23":24,"24":9,"25":0,"26":0,"27":0,"28":0,"29":9,"30":0,"31":0,"32":0,"33":0,"34":2},"f":{"0":9,"1":0,"2":0,"3":0,"4":0,"5":0,"6":0},"b":{"0":[0,9],"1":[0,0],"2":[3,6],"3":[3,0],"4":[0,9],"5":[0,0],"6":[9,6],"7":[9,0],"8":[9,3]}}
,"D:\\Projects\\master-boilerplate\\src\\containers\\Home\\index.tsx": {"path":"D:\\Projects\\master-boilerplate\\src\\containers\\Home\\index.tsx","statementMap":{"0":{"start":{"line":1,"column":0},"end":{"line":1,"column":30}},"1":{"start":{"line":2,"column":0},"end":{"line":2,"column":41}},"2":{"start":{"line":3,"column":0},"end":{"line":3,"column":46}},"3":{"start":{"line":4,"column":0},"end":{"line":4,"column":37}},"4":{"start":{"line":6,"column":13},"end":{"line":14,"column":1}},"5":{"start":{"line":7,"column":21},"end":{"line":7,"column":34}},"6":{"start":{"line":9,"column":4},"end":{"line":11,"column":null}},"7":{"start":{"line":10,"column":8},"end":{"line":10,"column":null}},"8":{"start":{"line":13,"column":4},"end":{"line":13,"column":null}},"9":{"start":{"line":16,"column":0},"end":{"line":16,"column":null}}},"fnMap":{"0":{"name":"(anonymous_1)","decl":{"start":{"line":6,"column":13},"end":{"line":6,"column":null}},"loc":{"start":{"line":6,"column":13},"end":{"line":14,"column":1}}},"1":{"name":"(anonymous_2)","decl":{"start":{"line":9,"column":20},"end":{"line":9,"column":null}},"loc":{"start":{"line":9,"column":20},"end":{"line":11,"column":5}}}},"branchMap":{},"s":{"0":1,"1":1,"2":1,"3":1,"4":1,"5":1,"6":1,"7":1,"8":1,"9":1},"f":{"0":1,"1":1},"b":{}}
,"D:\\Projects\\master-boilerplate\\src\\containers\\Todos\\index.tsx": {"path":"D:\\Projects\\master-boilerplate\\src\\containers\\Todos\\index.tsx","statementMap":{"0":{"start":{"line":1,"column":0},"end":{"line":1,"column":30}},"1":{"start":{"line":2,"column":0},"end":{"line":2,"column":54}},"2":{"start":{"line":3,"column":0},"end":{"line":3,"column":38}},"3":{"start":{"line":4,"column":0},"end":{"line":4,"column":46}},"4":{"start":{"line":5,"column":0},"end":{"line":5,"column":35}},"5":{"start":{"line":9,"column":0},"end":{"line":9,"column":45}},"6":{"start":{"line":11,"column":31},"end":{"line":19,"column":null}},"7":{"start":{"line":21,"column":14},"end":{"line":53,"column":1}},"8":{"start":{"line":22,"column":21},"end":{"line":22,"column":34}},"9":{"start":{"line":23,"column":24},"end":{"line":23,"column":78}},"10":{"start":{"line":23,"column":54},"end":{"line":23,"column":78}},"11":{"start":{"line":24,"column":21},"end":{"line":24,"column":72}},"12":{"start":{"line":24,"column":51},"end":{"line":24,"column":72}},"13":{"start":{"line":26,"column":27},"end":{"line":40,"column":5}},"14":{"start":{"line":27,"column":8},"end":{"line":39,"column":null}},"15":{"start":{"line":32,"column":53},"end":{"line":37,"column":18}},"16":{"start":{"line":42,"column":4},"end":{"line":44,"column":null}},"17":{"start":{"line":43,"column":8},"end":{"line":43,"column":null}},"18":{"start":{"line":46,"column":4},"end":{"line":52,"column":null}},"19":{"start":{"line":55,"column":0},"end":{"line":55,"column":null}}},"fnMap":{"0":{"name":"(anonymous_2)","decl":{"start":{"line":21,"column":14},"end":{"line":21,"column":null}},"loc":{"start":{"line":21,"column":14},"end":{"line":53,"column":1}}},"1":{"name":"(anonymous_3)","decl":{"start":{"line":23,"column":36},"end":{"line":23,"column":37}},"loc":{"start":{"line":23,"column":49},"end":{"line":23,"column":59}}},"2":{"name":"(anonymous_4)","decl":{"start":{"line":24,"column":33},"end":{"line":24,"column":34}},"loc":{"start":{"line":24,"column":46},"end":{"line":24,"column":56}}},"3":{"name":"(anonymous_5)","decl":{"start":{"line":26,"column":27},"end":{"line":26,"column":28}},"loc":{"start":{"line":26,"column":40},"end":{"line":40,"column":5}}},"4":{"name":"(anonymous_6)","decl":{"start":{"line":32,"column":22},"end":{"line":32,"column":23}},"loc":{"start":{"line":32,"column":48},"end":{"line":32,"column":57}}},"5":{"name":"(anonymous_7)","decl":{"start":{"line":42,"column":20},"end":{"line":42,"column":null}},"loc":{"start":{"line":42,"column":20},"end":{"line":44,"column":5}}}},"branchMap":{"0":{"loc":{"start":{"line":29,"column":12},"end":{"line":30,"column":null}},"type":"cond-expr","locations":[{"start":{"line":29,"column":12},"end":{"line":30,"column":null}},{"start":{"line":32,"column":12},"end":{"line":37,"column":18}}]}},"s":{"0":1,"1":1,"2":1,"3":1,"4":1,"5":1,"6":1,"7":1,"8":4,"9":4,"10":0,"11":4,"12":0,"13":4,"14":6,"15":0,"16":4,"17":3,"18":4,"19":1},"f":{"0":4,"1":0,"2":0,"3":6,"4":0,"5":3},"b":{"0":[6,0]}}
,"D:\\Projects\\master-boilerplate\\src\\layouts\\content\\index.tsx": {"path":"D:\\Projects\\master-boilerplate\\src\\layouts\\content\\index.tsx","statementMap":{"0":{"start":{"line":1,"column":0},"end":{"line":1,"column":30}},"1":{"start":{"line":2,"column":0},"end":{"line":2,"column":41}},"2":{"start":{"line":4,"column":0},"end":{"line":4,"column":40}},"3":{"start":{"line":6,"column":16},"end":{"line":15,"column":1}},"4":{"start":{"line":7,"column":16},"end":{"line":7,"column":65}},"5":{"start":{"line":7,"column":46},"end":{"line":7,"column":65}},"6":{"start":{"line":9,"column":2},"end":{"line":14,"column":null}},"7":{"start":{"line":17,"column":0},"end":{"line":17,"column":null}}},"fnMap":{"0":{"name":"(anonymous_1)","decl":{"start":{"line":6,"column":16},"end":{"line":6,"column":17}},"loc":{"start":{"line":6,"column":27},"end":{"line":15,"column":1}}},"1":{"name":"(anonymous_2)","decl":{"start":{"line":7,"column":28},"end":{"line":7,"column":29}},"loc":{"start":{"line":7,"column":41},"end":{"line":7,"column":51}}}},"branchMap":{},"s":{"0":1,"1":1,"2":1,"3":1,"4":1,"5":2,"6":1,"7":1},"f":{"0":1,"1":2},"b":{}}
,"D:\\Projects\\master-boilerplate\\src\\reducers\\global.ts": {"path":"D:\\Projects\\master-boilerplate\\src\\reducers\\global.ts","statementMap":{"0":{"start":{"line":1,"column":0},"end":{"line":1,"column":37}},"1":{"start":{"line":4,"column":28},"end":{"line":6,"column":null}},"2":{"start":{"line":8,"column":31},"end":{"line":8,"column":53}},"3":{"start":{"line":9,"column":2},"end":{"line":17,"column":null}},"4":{"start":{"line":11,"column":8},"end":{"line":13,"column":null}},"5":{"start":{"line":16,"column":8},"end":{"line":16,"column":21}},"6":{"start":{"line":8,"column":0},"end":{"line":8,"column":24}}},"fnMap":{"0":{"name":"common","decl":{"start":{"line":8,"column":24},"end":{"line":8,"column":30}},"loc":{"start":{"line":8,"column":64},"end":{"line":18,"column":1}}}},"branchMap":{"0":{"loc":{"start":{"line":8,"column":31},"end":{"line":8,"column":53}},"type":"if","locations":[{"start":{"line":8,"column":31},"end":{"line":8,"column":53}},{"start":{"line":8,"column":31},"end":{"line":8,"column":53}}]},"1":{"loc":{"start":{"line":10,"column":6},"end":{"line":13,"column":null}},"type":"switch","locations":[{"start":{"line":10,"column":6},"end":{"line":13,"column":null}},{"start":{"line":15,"column":6},"end":{"line":16,"column":21}}]}},"s":{"0":1,"1":1,"2":5,"3":3,"4":0,"5":3,"6":1},"f":{"0":3},"b":{"0":[2,1],"1":[0,3]}}
,"D:\\Projects\\master-boilerplate\\src\\reducers\\index.ts": {"path":"D:\\Projects\\master-boilerplate\\src\\reducers\\index.ts","statementMap":{"0":{"start":{"line":1,"column":0},"end":{"line":1,"column":39}},"1":{"start":{"line":4,"column":0},"end":{"line":4,"column":29}},"2":{"start":{"line":5,"column":0},"end":{"line":5,"column":27}},"3":{"start":{"line":12,"column":0},"end":{"line":15,"column":null}}},"fnMap":{},"branchMap":{},"s":{"0":1,"1":1,"2":1,"3":1},"f":{},"b":{}}
,"D:\\Projects\\master-boilerplate\\src\\reducers\\todos.ts": {"path":"D:\\Projects\\master-boilerplate\\src\\reducers\\todos.ts","statementMap":{"0":{"start":{"line":1,"column":0},"end":{"line":1,"column":36}},"1":{"start":{"line":4,"column":28},"end":{"line":12,"column":null}},"2":{"start":{"line":14,"column":30},"end":{"line":14,"column":52}},"3":{"start":{"line":15,"column":4},"end":{"line":68,"column":null}},"4":{"start":{"line":17,"column":10},"end":{"line":19,"column":null}},"5":{"start":{"line":22,"column":10},"end":{"line":26,"column":null}},"6":{"start":{"line":29,"column":10},"end":{"line":34,"column":null}},"7":{"start":{"line":37,"column":10},"end":{"line":39,"column":null}},"8":{"start":{"line":42,"column":10},"end":{"line":44,"column":null}},"9":{"start":{"line":47,"column":10},"end":{"line":49,"column":null}},"10":{"start":{"line":52,"column":10},"end":{"line":54,"column":null}},"11":{"start":{"line":57,"column":10},"end":{"line":59,"column":null}},"12":{"start":{"line":62,"column":10},"end":{"line":64,"column":null}},"13":{"start":{"line":67,"column":10},"end":{"line":67,"column":23}},"14":{"start":{"line":14,"column":0},"end":{"line":14,"column":24}}},"fnMap":{"0":{"name":"todos","decl":{"start":{"line":14,"column":24},"end":{"line":14,"column":29}},"loc":{"start":{"line":14,"column":63},"end":{"line":69,"column":1}}}},"branchMap":{"0":{"loc":{"start":{"line":14,"column":30},"end":{"line":14,"column":52}},"type":"if","locations":[{"start":{"line":14,"column":30},"end":{"line":14,"column":52}},{"start":{"line":14,"column":30},"end":{"line":14,"column":52}}]},"1":{"loc":{"start":{"line":16,"column":8},"end":{"line":19,"column":null}},"type":"switch","locations":[{"start":{"line":16,"column":8},"end":{"line":19,"column":null}},{"start":{"line":21,"column":8},"end":{"line":26,"column":null}},{"start":{"line":28,"column":8},"end":{"line":34,"column":null}},{"start":{"line":36,"column":8},"end":{"line":39,"column":null}},{"start":{"line":41,"column":8},"end":{"line":44,"column":null}},{"start":{"line":46,"column":8},"end":{"line":49,"column":null}},{"start":{"line":51,"column":8},"end":{"line":54,"column":null}},{"start":{"line":56,"column":8},"end":{"line":59,"column":null}},{"start":{"line":61,"column":8},"end":{"line":64,"column":null}},{"start":{"line":66,"column":8},"end":{"line":67,"column":23}}]}},"s":{"0":1,"1":1,"2":5,"3":3,"4":0,"5":0,"6":0,"7":0,"8":0,"9":0,"10":0,"11":0,"12":0,"13":3,"14":1},"f":{"0":3},"b":{"0":[2,1],"1":[0,0,0,0,0,0,0,0,0,3]}}
,"D:\\Projects\\master-boilerplate\\src\\types\\global.ts": {"path":"D:\\Projects\\master-boilerplate\\src\\types\\global.ts","statementMap":{"0":{"start":{"line":10,"column":0},"end":{"line":10,"column":null}},"1":{"start":{"line":11,"column":2},"end":{"line":11,"column":null}},"2":{"start":{"line":12,"column":2},"end":{"line":12,"column":null}},"3":{"start":{"line":13,"column":2},"end":{"line":13,"column":null}},"4":{"start":{"line":14,"column":2},"end":{"line":14,"column":null}},"5":{"start":{"line":15,"column":2},"end":{"line":15,"column":null}},"6":{"start":{"line":24,"column":2},"end":{"line":24,"column":18}},"7":{"start":{"line":18,"column":0},"end":{"line":18,"column":null}},"8":{"start":{"line":19,"column":2},"end":{"line":19,"column":null}},"9":{"start":{"line":25,"column":2},"end":{"line":25,"column":10}}},"fnMap":{"0":{"name":"(anonymous_0)","decl":{"start":{"line":10,"column":0},"end":{"line":10,"column":5}},"loc":{"start":{"line":10,"column":21},"end":{"line":16,"column":1}}},"1":{"name":"(anonymous_1)","decl":{"start":{"line":18,"column":0},"end":{"line":18,"column":5}},"loc":{"start":{"line":18,"column":13},"end":{"line":20,"column":1}}}},"branchMap":{"0":{"loc":{"start":{"line":10,"column":5},"end":{"line":10,"column":21}},"type":"binary-expr","locations":[{"start":{"line":10,"column":5},"end":{"line":10,"column":21}},{"start":{"line":10,"column":5},"end":{"line":10,"column":null}}]},"1":{"loc":{"start":{"line":18,"column":5},"end":{"line":18,"column":13}},"type":"binary-expr","locations":[{"start":{"line":18,"column":5},"end":{"line":18,"column":13}},{"start":{"line":18,"column":5},"end":{"line":18,"column":null}}]}},"s":{"0":1,"1":1,"2":1,"3":1,"4":1,"5":1,"6":1,"7":1,"8":1,"9":1},"f":{"0":1,"1":1},"b":{"0":[1,1],"1":[1,1]}}
}
