TN:
SF:src\actions\global.ts
FN:7,(anonymous_0)
FNF:1
FNH:1
FNDA:4,(anonymous_0)
DA:1,3
DA:7,4
LF:2
LH:2
BRF:0
BRH:0
end_of_record
TN:
SF:src\actions\todos.ts
FN:15,(anonymous_0)
FN:19,(anonymous_1)
FN:24,(anonymous_2)
FN:29,(anonymous_3)
FNF:4
FNH:0
FNDA:0,(anonymous_0)
FNDA:0,(anonymous_1)
FNDA:0,(anonymous_2)
FNDA:0,(anonymous_3)
DA:1,3
DA:13,3
DA:15,3
DA:19,3
DA:24,3
DA:29,3
LF:6
LH:6
BRF:0
BRH:0
end_of_record
TN:
SF:src\components\List\index.tsx
FN:25,(anonymous_15)
FN:37,(anonymous_16)
FN:37,(anonymous_17)
FN:59,(anonymous_19)
FN:60,(anonymous_20)
FN:68,(anonymous_21)
FN:81,(anonymous_22)
FN:105,(anonymous_23)
FNF:8
FNH:6
FNDA:6,(anonymous_15)
FNDA:3,(anonymous_16)
FNDA:3,(anonymous_17)
FNDA:3,(anonymous_19)
FNDA:0,(anonymous_20)
FNDA:3,(anonymous_21)
FNDA:6,(anonymous_22)
FNDA:0,(anonymous_23)
DA:1,1
DA:2,1
DA:3,1
DA:4,1
DA:5,1
DA:6,1
DA:25,1
DA:26,6
DA:27,12
DA:28,12
DA:30,6
DA:31,6
DA:32,6
DA:33,6
DA:34,6
DA:35,6
DA:37,6
DA:38,3
DA:41,3
DA:42,0
DA:44,0
DA:45,0
DA:46,0
DA:48,0
DA:49,0
DA:53,3
DA:54,3
DA:55,3
DA:59,6
DA:60,3
DA:61,0
DA:63,0
DA:64,0
DA:68,6
DA:69,3
DA:70,0
DA:74,6
DA:81,1
DA:82,6
DA:83,6
DA:84,6
DA:85,12
DA:86,6
DA:87,6
DA:90,6
DA:91,6
DA:96,6
DA:98,6
DA:105,0
DA:107,6
DA:110,6
DA:113,1
LF:52
LH:41
BRDA:27,0,0,0
BRDA:27,0,1,6
BRDA:28,1,0,6
BRDA:28,1,1,0
BRDA:44,2,0,0
BRDA:44,2,1,0
BRDA:48,3,0,0
BRDA:48,3,1,0
BRDA:61,4,0,0
BRDA:61,4,1,0
BRDA:69,5,0,0
BRDA:69,5,1,3
BRDA:85,6,0,6
BRDA:85,6,1,0
BRDA:97,7,0,6
BRF:15
BRH:5
end_of_record
TN:
SF:src\components\ListTable\index.tsx
FN:17,(anonymous_2)
FN:33,(anonymous_3)
FNF:2
FNH:2
FNDA:11,(anonymous_2)
FNDA:16,(anonymous_3)
DA:1,2
DA:2,2
DA:4,2
DA:5,2
DA:17,2
DA:18,11
DA:19,11
DA:20,11
DA:21,11
DA:22,11
DA:23,11
DA:24,11
DA:26,11
DA:33,16
DA:43,2
LF:15
LH:15
BRDA:27,0,0,1
BRDA:27,0,1,10
BRDA:31,1,0,10
BRDA:31,1,1,10
BRF:4
BRH:4
end_of_record
TN:
SF:src\components\Pagination\index.tsx
FN:12,(anonymous_1)
FN:48,(anonymous_3)
FN:65,(anonymous_4)
FN:74,(anonymous_5)
FN:80,(anonymous_6)
FN:87,(anonymous_7)
FN:90,(anonymous_8)
FNF:7
FNH:1
FNDA:9,(anonymous_1)
FNDA:0,(anonymous_3)
FNDA:0,(anonymous_4)
FNDA:0,(anonymous_5)
FNDA:0,(anonymous_6)
FNDA:0,(anonymous_7)
FNDA:0,(anonymous_8)
DA:1,2
DA:2,2
DA:4,2
DA:12,2
DA:13,9
DA:14,9
DA:15,9
DA:17,9
DA:18,9
DA:22,9
DA:23,0
DA:24,0
DA:26,0
DA:29,9
DA:32,9
DA:33,3
DA:34,3
DA:36,0
DA:39,6
DA:42,24
DA:43,24
DA:48,0
DA:53,9
DA:54,0
DA:55,0
DA:60,0
DA:65,0
DA:70,9
DA:74,0
DA:80,0
DA:87,0
DA:90,0
DA:97,2
LF:33
LH:20
BRDA:22,0,0,0
BRDA:22,0,1,9
BRDA:23,1,0,0
BRDA:23,1,1,0
BRDA:32,2,0,3
BRDA:32,2,1,6
BRDA:33,3,0,3
BRDA:33,3,1,0
BRDA:53,4,0,0
BRDA:53,4,1,9
BRDA:54,5,0,0
BRDA:54,5,1,0
BRDA:72,6,0,9
BRDA:72,6,1,6
BRDA:78,7,0,9
BRDA:78,7,1,0
BRDA:84,8,0,9
BRDA:84,8,1,3
BRF:18
BRH:10
end_of_record
TN:
SF:src\containers\Home\index.tsx
FN:6,(anonymous_1)
FN:9,(anonymous_2)
FNF:2
FNH:2
FNDA:1,(anonymous_1)
FNDA:1,(anonymous_2)
DA:1,1
DA:2,1
DA:3,1
DA:4,1
DA:6,1
DA:7,1
DA:9,1
DA:10,1
DA:13,1
DA:16,1
LF:10
LH:10
BRF:0
BRH:0
end_of_record
TN:
SF:src\containers\Todos\index.tsx
FN:21,(anonymous_2)
FN:23,(anonymous_3)
FN:24,(anonymous_4)
FN:26,(anonymous_5)
FN:32,(anonymous_6)
FN:42,(anonymous_7)
FNF:6
FNH:3
FNDA:4,(anonymous_2)
FNDA:0,(anonymous_3)
FNDA:0,(anonymous_4)
FNDA:6,(anonymous_5)
FNDA:0,(anonymous_6)
FNDA:3,(anonymous_7)
DA:1,1
DA:2,1
DA:3,1
DA:4,1
DA:5,1
DA:9,1
DA:11,1
DA:21,1
DA:22,4
DA:23,4
DA:24,4
DA:26,4
DA:27,6
DA:32,0
DA:42,4
DA:43,3
DA:46,4
DA:55,1
LF:18
LH:17
BRDA:29,0,0,6
BRDA:29,0,1,0
BRF:2
BRH:1
end_of_record
TN:
SF:src\layouts\content\index.tsx
FN:6,(anonymous_1)
FN:7,(anonymous_2)
FNF:2
FNH:2
FNDA:1,(anonymous_1)
FNDA:2,(anonymous_2)
DA:1,1
DA:2,1
DA:4,1
DA:6,1
DA:7,2
DA:9,1
DA:17,1
LF:7
LH:7
BRF:0
BRH:0
end_of_record
TN:
SF:src\reducers\global.ts
FN:8,common
FNF:1
FNH:1
FNDA:3,common
DA:1,1
DA:4,1
DA:8,5
DA:9,3
DA:11,0
DA:16,3
LF:6
LH:5
BRDA:8,0,0,2
BRDA:8,0,1,1
BRDA:10,1,0,0
BRDA:10,1,1,3
BRF:4
BRH:3
end_of_record
TN:
SF:src\reducers\index.ts
FNF:0
FNH:0
DA:1,1
DA:4,1
DA:5,1
DA:12,1
LF:4
LH:4
BRF:0
BRH:0
end_of_record
TN:
SF:src\reducers\todos.ts
FN:14,todos
FNF:1
FNH:1
FNDA:3,todos
DA:1,1
DA:4,1
DA:14,5
DA:15,3
DA:17,0
DA:22,0
DA:29,0
DA:37,0
DA:42,0
DA:47,0
DA:52,0
DA:57,0
DA:62,0
DA:67,3
LF:14
LH:5
BRDA:14,0,0,2
BRDA:14,0,1,1
BRDA:16,1,0,0
BRDA:16,1,1,0
BRDA:16,1,2,0
BRDA:16,1,3,0
BRDA:16,1,4,0
BRDA:16,1,5,0
BRDA:16,1,6,0
BRDA:16,1,7,0
BRDA:16,1,8,0
BRDA:16,1,9,3
BRF:12
BRH:3
end_of_record
TN:
SF:src\types\global.ts
FN:10,(anonymous_0)
FN:18,(anonymous_1)
FNF:2
FNH:2
FNDA:1,(anonymous_0)
FNDA:1,(anonymous_1)
DA:10,1
DA:11,1
DA:12,1
DA:13,1
DA:14,1
DA:15,1
DA:18,1
DA:19,1
DA:24,1
DA:25,1
LF:10
LH:10
BRDA:10,0,0,1
BRDA:10,0,1,1
BRDA:18,1,0,1
BRDA:18,1,1,1
BRF:4
BRH:4
end_of_record
